### ISSUE TITLE
valgrind diagnostic in uv python 3.15.0b4, but not locally built 3.15.0b4

### ISSUE THREAD

**Issue by jepler** [indygreg/python-build-standalone#1186]
### Summary

While trying to diagnose an unrelated problem, I noticed that there's some kind of incorrect stack memory usage diagnosed by valgrind in this code:
```
$ uv run --python 3.15.0b4 valgrind --quiet --error-exitcode=13 --exit-on-first-error=yes python -c 'import _sha2; _sha2.sha512().digest()'
==999== Invalid write of size 8
==999==    at 0x1B9291A: sha512_update (in /root/.local/share/uv/python/cpython-3.15.0b4-linux-x86_64-gnu/bin/python3.15)
==999==    by 0x1B924A4: _Py_LibHacl_Hacl_Hash_SHA2_digest_512 (in /root/.local/share/uv/python/cpython-3.15.0b4-linux-x86_64-gnu/bin/python3.15)
==999==    by 0x1B9220E: SHA512Type_digest (in /root/.local/share/uv/python/cpython-3.15.0b4-linux-x86_64-gnu/bin/python3.15)
==999==    by 0x1A2796F: _TAIL_CALL_CALL (in /root/.local/share/uv/python/cpython-3.15.0b4-linux-x86_64-gnu/bin/python3.15)
==999==    by 0x1A51D49: _PyEval_Vector (in /root/.local/share/uv/python/cpython-3.15.0b4-linux-x86_64-gnu/bin/python3.15)
==999==    by 0x1A51A41: PyEval_EvalCode (in /root/.local/share/uv/python/cpython-3.15.0b4-linux-x86_64-gnu/bin/python3.15)
==999==    by 0x1AD4202: run_mod.llvm.10306309658545239246 (in /root/.local/share/uv/python/cpython-3.15.0b4-linux-x86_64-gnu/bin/python3.15)
==999==    by 0x1AD401C: _PyRun_String.llvm.10306309658545239246 (in /root/.local/share/uv/python/cpython-3.15.0b4-linux-x86_64-gnu/bin/python3.15)
==999==    by 0x1B7B54C: _PyRun_SimpleString (in /root/.local/share/uv/python/cpython-3.15.0b4-linux-x86_64-gnu/bin/python3.15)
==999==    by 0x1B7B44C: Py_RunMain (in /root/.local/share/uv/python/cpython-3.15.0b4-linux-x86_64-gnu/bin/python3.15)
==999==    by 0x1B7AF01: pymain_main.llvm.15341643721652829911 (in /root/.local/share/uv/python/cpython-3.15.0b4-linux-x86_64-gnu/bin/python3.15)
==999==    by 0x1B7AD2B: main (in /root/.local/share/uv/python/cpython-3.15.0b4-linux-x86_64-gnu/bin/python3.15)
==999==  Address 0x1ffeffff68 is on thread 1's stack
==999==  160 bytes below stack pointer
==999== 
==999== 
==999== Exit program on first error (--exit-on-first-error=yes)
$
```

There's no valgrind diagonstic when running a freshly built git clone of cpython at the `v3.15.0b4` tag (built with the default debian compiler gcc version 14.2.0 (Debian 14.2.0-19))
```
$ ./python --version
Python 3.15.0b4
$ valgrind --quiet --error-exitcode=13 --exit-on-first-error=yes ./python -c 'import _sha2; _sha2.sha512().digest()'
$
```

### Platform

Debian GNU/Linux 13 (trixie) 6.12.69+deb13-amd64 x86_64

### Version

uv 0.11.31 (x86_64-unknown-linux-gnu)

### Python version

3.15.0a4

**Comment by jepler** [comment]
I hate to claim it's a compiler bug but it looks an awful lot like miscompilation. the gcc and clang builds are rather different overall but something immediately struck me as odd.

Disassembly of sha512_update associated with /home/jepler/.local/share/uv/python/cpython-3.15.0a7-linux-x86_64-gnu/bin/python3.15:
```
Dump of assembler code for function sha512_update:
   0x0000000001b92880 <+0>:	push   %rbp
   0x0000000001b92881 <+1>:	mov    %rsp,%rbp
   0x0000000001b92884 <+4>:	push   %r15
   0x0000000001b92886 <+6>:	push   %r14
   0x0000000001b92888 <+8>:	push   %r13
   0x0000000001b9288a <+10>:	push   %r12
   0x0000000001b9288c <+12>:	push   %rbx
   0x0000000001b9288d <+13>:	sub    $0x0,%rsp
[snip!]
   0x0000000001b92913 <+147>:	mov    0x68(%rdi),%rax
   0x0000000001b92917 <+151>:	bswap  %rax
=> 0x0000000001b9291a <+154>:	mov    %rax,-0xc8(%rbp)
```
(last shown instruction is site of valgrind diagnostic)

Disassembly of sha512_update associated with locally built cpython 3.15.0a7:
```
Dump of assembler code for function sha512_update:
   0x000000000000765b <+0>:	push   %rbp
   0x000000000000765c <+1>:	mov    %rsp,%rbp
   0x000000000000765f <+4>:	push   %r15
   0x0000000000007661 <+6>:	push   %r14
   0x0000000000007663 <+8>:	push   %r13
   0x0000000000007665 <+10>:	push   %r12
   0x0000000000007667 <+12>:	push   %rbx
   0x0000000000007668 <+13>:	sub    $0xd0,%rsp
[snip]
```

Note how the uv-provided python allocates zero bytes of stack (sub $0x0,%rsp) but then goes on to use values offset from the base pointer by negative offsets like -0xc8. Linux amd64 ABI defines a 128 byte red zone below the stack pointer, but this offset is beyond the red zone.

```
(gdb) p/x $rsp - 128
$8 = 0x1ffefff1a8
(gdb) p/x $rbp - 0xc8
$9 = 0x1ffefff188
```

**Comment by zanieb** [comment]
Thanks for the report!

**Comment by jjhelmus** [comment]
I was able to replicate this, it also occurs on Python 3.14.6 from `python-build-standalone`:

```
# uv run --python 3.14.6 --managed-python valgrind --quiet --error-exitcode=13 --exit-on-first-error=yes python -c 'import _sha2; _sha2.sha512().digest()'
==3807== Invalid write of size 8
==3807==    at 0x1B9709A: sha512_update (in /root/.local/share/uv/python/cpython-3.14.6-linux-x86_64-gnu/bin/python3.14)
==3807==    by 0x1B96BF6: _Py_LibHacl_Hacl_Hash_SHA2_digest_512 (in /root/.local/share/uv/python/cpython-3.14.6-linux-x86_64-gnu/bin/python3.14)
==3807==    by 0x1B969B1: SHA512Type_digest (in /root/.local/share/uv/python/cpython-3.14.6-linux-x86_64-gnu/bin/python3.14)
==3807==    by 0x1A6E4E7: _TAIL_CALL_CALL.llvm.8155519880111797829 (in /root/.local/share/uv/python/cpython-3.14.6-linux-x86_64-gnu/bin/python3.14)
==3807==    by 0x1A36978: _PyEval_Vector (in /root/.local/share/uv/python/cpython-3.14.6-linux-x86_64-gnu/bin/python3.14)
==3807==    by 0x1A3667D: PyEval_EvalCode (in /root/.local/share/uv/python/cpython-3.14.6-linux-x86_64-gnu/bin/python3.14)
==3807==    by 0x1A95EF1: run_mod.llvm.535267606803157489 (in /root/.local/share/uv/python/cpython-3.14.6-linux-x86_64-gnu/bin/python3.14)
==3807==    by 0x1B83EA1: _PyRun_SimpleStringFlagsWithName (in /root/.local/share/uv/python/cpython-3.14.6-linux-x86_64-gnu/bin/python3.14)
==3807==    by 0x1B84A75: Py_RunMain (in /root/.local/share/uv/python/cpython-3.14.6-linux-x86_64-gnu/bin/python3.14)
==3807==    by 0x1B84547: pymain_main.llvm.17832494451187595940 (in /root/.local/share/uv/python/cpython-3.14.6-linux-x86_64-gnu/bin/python3.14)
==3807==    by 0x1B84345: main (in /root/.local/share/uv/python/cpython-3.14.6-linux-x86_64-gnu/bin/python3.14)
==3807==  Address 0x1fff000148 is on thread 1's stack
==3807==  160 bytes below stack pointer
```

I'm transferring this issue to the `python-build-standalone` issue tracker as this is a bug in PBS, uv is only downloading and install those artifacts.

**Comment by jjhelmus** [comment]
To replicate this with only PBS:

```
# curl -SLO https://github.com/astral-sh/python-build-standalone/releases/download/20260718/cpython-3.14.6+20260718-x86_64-unknown-linux-gnu-pgo+lto-full.tar.zst
# tar xf cpython-3.14.6+20260718-x86_64-unknown-linux-gnu-pgo+lto-full.tar.zst
# valgrind --quiet --error-exitcode=13 --exit-on-first-error=yes ./python/install/bin/python -c 'import _sha2; _sha2.sha512().digest()'
...
```

The [debug build of the same release](https://github.com/astral-sh/python-build-standalone/releases/download/20260718/cpython-3.14.6+20260718-x86_64-unknown-linux-gnu-debug-full.tar.zst) does not have the issue. This suggests that LTO/PGO or likely BOLT is responsible.

**Comment by jjhelmus** [comment]
This is a result of the BOLT optimization done during the build.

The pre-optimized function allocates 248 bytes:
```
# objdump -d  --section=.bolt.org.text   --start-address=0x851610   --stop-address=0x851660 ./python/install/bin/python

./python/install/bin/python:     file format elf64-x86-64


Disassembly of section .bolt.org.text:

0000000000851610 <sha512_update.org.0>:
  851610:	e9 eb 59 34 01       	jmp    1b97000 <sha512_update>
  851615:	57                   	push   %rdi
  851616:	41 56                	push   %r14
  851618:	41 55                	push   %r13
  85161a:	41 54                	push   %r12
  85161c:	53                   	push   %rbx
  85161d:	48 81 ec f8 00 00 00 	sub    $0xf8,%rsp
...
```

**Comment by jjhelmus** [comment]
https://github.com/llvm/llvm-project/issues/163263 may be related. It calls out the BOLT `-frame-opt=hot` option. as suspect for a CPython segfault.

**Comment by jepler** [comment]
Thank you very much for transferring the issue. I suspected astral/uv was not the right place to file this but I didn't know where to file.

**Comment by zanieb** [comment]
We can remediate this with #1187 but should report the bug to BOLT for a proper fix

**Comment by jjhelmus** [comment]
Reported upstream in https://github.com/llvm/llvm-project/issues/211356 with a small isolated reproducer of the underlying issue in BOLT.
